2026-03-14 05:51:53,349 | INFO | Order Request: BTCUSDT BUY MARKET 0.001 None
2026-03-14 05:51:54,975 | INFO | Order Response: {}
2026-03-14 05:52:07,747 | INFO | Order Request: BTCUSDT SELL LIMIT 0.001 70000.0
2026-03-14 05:52:08,688 | INFO | Order Response: {}
2026-03-14 05:54:23,449 | INFO | Order Request: BTCUSDT BUY MARKET 0.001 None
2026-03-14 05:54:24,631 | INFO | Order Response: {}
2026-03-14 05:54:34,812 | INFO | Order Request: BTCUSDT SELL LIMIT 0.001 70000.0
2026-03-14 05:54:35,778 | INFO | Order Response: {}
2026-03-14 05:56:15,430 | INFO | Order Request: BTCUSDT BUY MARKET 0.001 None
2026-03-14 05:56:16,467 | INFO | Order Response: {}
2026-03-14 05:56:41,861 | INFO | Order Request: BTCUSDT SELL LIMIT 0.001 70000.0
2026-03-14 05:56:42,772 | INFO | Order Response: {}
2026-03-14 05:59:32,648 | INFO | Order Request: BTCUSDT BUY MARKET 0.001 None
2026-03-14 05:59:34,018 | INFO | Order Response: {}
2026-03-14 06:03:04,525 | INFO | Order Request: BTCUSDT BUY MARKET 0.001 None
2026-03-14 06:03:05,786 | INFO | Order Response: {}
2026-03-14 06:11:41,226 | INFO | Order Request: BTCUSDT BUY MARKET 0.001 None
2026-03-14 06:11:41,672 | ERROR | Order Error: APIError(code=0): Invalid JSON error message from Binance: <!DOCTYPE HTML PUBLIC "-//W3C//DTD HTML 4.01 Transitional//EN" "http://www.w3.org/TR/html4/loose.dtd">
<HTML><HEAD><META HTTP-EQUIV="Content-Type" CONTENT="text/html; charset=iso-8859-1">
<TITLE>ERROR: The request could not be satisfied</TITLE>
</HEAD><BODY>
<H1>403 ERROR</H1>
<H2>The request could not be satisfied.</H2>
<HR noshade size="1px">
This distribution is not configured to allow the HTTP request method that was used for this request. The distribution supports only cachable requests.
We can't connect to the server for this app or website at this time. There might be too much traffic or a configuration error. Try again later, or contact the app or website owner.
<BR clear="all">
If you provide content to customers through CloudFront, you can find steps to troubleshoot and help prevent this error by reviewing the CloudFront documentation.
<BR clear="all">
<HR noshade size="1px">
<PRE>
Generated by cloudfront (CloudFront)
Request ID: sMvFqhyDQj0fQEh093nAZUoQKTwPGj8ugpAwfbboRj5bs8xToqq4xg==
</PRE>
<ADDRESS>
</ADDRESS>
</BODY></HTML>
2026-03-14 06:13:35,345 | INFO | Order Request: BTCUSDT BUY MARKET 0.001 None
2026-03-14 06:13:36,658 | INFO | Order Response: {}
2026-03-14 06:13:44,620 | INFO | Order Request: BTCUSDT SELL LIMIT 0.001 70000.0
2026-03-14 06:13:45,577 | INFO | Order Response: {}
